g:\poli\an3\sem1\gp\lab9vs\x64\debug\vc143.pdb
g:\poli\an3\sem1\gp\lab9vs\x64\debug\vc143.idb
g:\poli\an3\sem1\gp\lab9vs\x64\debug\tiny_obj_loader.obj
g:\poli\an3\sem1\gp\lab9vs\x64\debug\stb_image.obj
g:\poli\an3\sem1\gp\lab9vs\x64\debug\shader.obj
g:\poli\an3\sem1\gp\lab9vs\x64\debug\model3d.obj
g:\poli\an3\sem1\gp\lab9vs\x64\debug\mesh.obj
g:\poli\an3\sem1\gp\lab9vs\x64\debug\main.obj
g:\poli\an3\sem1\gp\lab9vs\x64\debug\camera.obj
g:\poli\an3\sem1\gp\lab9vs\x64\debug\skybox.obj
g:\poli\an3\sem1\gp\lab9vs\x64\debug\lab9vs.ilk
g:\poli\an3\sem1\gp\lab9vs\x64\debug\lab9vs.exe
g:\poli\an3\sem1\gp\lab9vs\x64\debug\lab9vs.pdb
g:\poli\an3\sem1\gp\lab9vs\x64\debug\labgp9.ilk
g:\poli\an3\sem1\gp\lab9vs\x64\debug\labgp9.pdb
g:\poli\an3\sem1\gp\lab9vs\x64\debug\lab9vs.tlog\cl.command.1.tlog
g:\poli\an3\sem1\gp\lab9vs\x64\debug\lab9vs.tlog\cl.items.tlog
g:\poli\an3\sem1\gp\lab9vs\x64\debug\lab9vs.tlog\cl.read.1.tlog
g:\poli\an3\sem1\gp\lab9vs\x64\debug\lab9vs.tlog\cl.write.1.tlog
g:\poli\an3\sem1\gp\lab9vs\x64\debug\lab9vs.tlog\link.command.1.tlog
g:\poli\an3\sem1\gp\lab9vs\x64\debug\lab9vs.tlog\link.read.1.tlog
g:\poli\an3\sem1\gp\lab9vs\x64\debug\lab9vs.tlog\link.write.1.tlog
